Arguments: 
  /usr/local/Cellar/node/11.14.0_1/bin/node /Users/jensberlips/.yarn/bin/yarn.js add @rollup/json

PATH: 
  /Users/jensberlips/.yarn/bin:/Users/jensberlips/.config/yarn/global/node_modules/.bin:/usr/local/sbin:/Users/jensberlips/.rbenv/shims:/Users/jensberlips/.cabal/bin:/Users/jensberlips/.ghcup/bin:/Users/jensberlips/.bin:/usr/local/bin:/usr/bin:/bin:/usr/sbin:/sbin:/usr/local/MacGPG2/bin:/opt/X11/bin

Yarn version: 
  1.21.1

Node version: 
  11.14.0

Platform: 
  darwin x64

Trace: 
  Error: https://registry.yarnpkg.com/@rollup%2fjson: Not found
      at Request.params.callback [as _callback] (/Users/jensberlips/.yarn/lib/cli.js:66947:18)
      at Request.self.callback (/Users/jensberlips/.yarn/lib/cli.js:140665:22)
      at Request.emit (events.js:193:13)
      at Request.<anonymous> (/Users/jensberlips/.yarn/lib/cli.js:141637:10)
      at Request.emit (events.js:193:13)
      at IncomingMessage.<anonymous> (/Users/jensberlips/.yarn/lib/cli.js:141559:12)
      at Object.onceWrapper (events.js:281:20)
      at IncomingMessage.emit (events.js:198:15)
      at endReadableNT (_stream_readable.js:1139:12)
      at processTicksAndRejections (internal/process/task_queues.js:81:17)

npm manifest: 
  {
    "name": "test",
    "version": "1.0.0",
    "devDependencies": {
      "@rollup/plugin-node-resolve": "^6.0.0",
      "rollup": "^1.12.0"
    }
  }

yarn manifest: 
  No manifest

Lockfile: 
  # THIS IS AN AUTOGENERATED FILE. DO NOT EDIT THIS FILE DIRECTLY.
  # yarn lockfile v1
  
  
  "@rollup/plugin-node-resolve@^6.0.0":
    version "6.0.0"
    resolved "https://registry.yarnpkg.com/@rollup/plugin-node-resolve/-/plugin-node-resolve-6.0.0.tgz#f351e29b45c007c17df4e28a0efd0d1f5662f59b"
    integrity sha512-GqWz1CfXOsqpeVMcoM315+O7zMxpRsmhWyhJoxLFHVSp9S64/u02i7len/FnbTNbmgYs+sZyilasijH8UiuboQ==
    dependencies:
      "@rollup/pluginutils" "^3.0.0"
      "@types/resolve" "0.0.8"
      builtin-modules "^3.1.0"
      is-module "^1.0.0"
      resolve "^1.11.1"
  
  "@rollup/pluginutils@^3.0.0":
    version "3.0.0"
    resolved "https://registry.yarnpkg.com/@rollup/pluginutils/-/pluginutils-3.0.0.tgz#9978c9d4cd5d6908755362336f699633a3cee343"
    integrity sha512-qBbGQQaUUiId/lBU9VMeYlVLOoRNvz1fV8HWY5tiGDpI2gdPZHbmOfCjzSdXPhdq3XOfyWvXEBlIPbnM3+9ogQ==
    dependencies:
      estree-walker "^0.6.1"
  
  "@types/estree@*":
    version "0.0.40"
    resolved "https://registry.yarnpkg.com/@types/estree/-/estree-0.0.40.tgz#0e6cb9b9bbd098031fa19e4b4e8131bc70e5de13"
    integrity sha512-p3KZgMto/JyxosKGmnLDJ/dG5wf+qTRMUjHJcspC2oQKa4jP7mz+tv0ND56lLBu3ojHlhzY33Ol+khLyNmilkA==
  
  "@types/node@*":
    version "12.12.20"
    resolved "https://registry.yarnpkg.com/@types/node/-/node-12.12.20.tgz#7b693038ce661fe57a7ffa4679440b5e7c5e8b99"
    integrity sha512-VAe+DiwpnC/g448uN+/3gRl4th0BTdrR9gSLIOHA+SUQskaYZQDOHG7xmjiE7JUhjbXnbXytf6Ih+/pA6CtMFQ==
  
  "@types/resolve@0.0.8":
    version "0.0.8"
    resolved "https://registry.yarnpkg.com/@types/resolve/-/resolve-0.0.8.tgz#f26074d238e02659e323ce1a13d041eee280e194"
    integrity sha512-auApPaJf3NPfe18hSoJkp8EbZzer2ISk7o8mCC3M9he/a04+gbMF97NkpD2S8riMGvm4BMRI59/SZQSaLTKpsQ==
    dependencies:
      "@types/node" "*"
  
  acorn@^7.1.0:
    version "7.1.0"
    resolved "https://registry.yarnpkg.com/acorn/-/acorn-7.1.0.tgz#949d36f2c292535da602283586c2477c57eb2d6c"
    integrity sha512-kL5CuoXA/dgxlBbVrflsflzQ3PAas7RYZB52NOm/6839iVYJgKMJ3cQJD+t2i5+qFa8h3MDpEOJiS64E8JLnSQ==
  
  builtin-modules@^3.1.0:
    version "3.1.0"
    resolved "https://registry.yarnpkg.com/builtin-modules/-/builtin-modules-3.1.0.tgz#aad97c15131eb76b65b50ef208e7584cd76a7484"
    integrity sha512-k0KL0aWZuBt2lrxrcASWDfwOLMnodeQjodT/1SxEQAXsHANgo6ZC/VEaSEHCXt7aSTZ4/4H5LKa+tBXmW7Vtvw==
  
  estree-walker@^0.6.1:
    version "0.6.1"
    resolved "https://registry.yarnpkg.com/estree-walker/-/estree-walker-0.6.1.tgz#53049143f40c6eb918b23671d1fe3219f3a1b362"
    integrity sha512-SqmZANLWS0mnatqbSfRP5g8OXZC12Fgg1IwNtLsyHDzJizORW4khDfjPqJZsemPWBB2uqykUah5YpQ6epsqC/w==
  
  is-module@^1.0.0:
    version "1.0.0"
    resolved "https://registry.yarnpkg.com/is-module/-/is-module-1.0.0.tgz#3258fb69f78c14d5b815d664336b4cffb6441591"
    integrity sha1-Mlj7afeMFNW4FdZkM2tM/7ZEFZE=
  
  path-parse@^1.0.6:
    version "1.0.6"
    resolved "https://registry.yarnpkg.com/path-parse/-/path-parse-1.0.6.tgz#d62dbb5679405d72c4737ec58600e9ddcf06d24c"
    integrity sha512-GSmOT2EbHrINBf9SR7CDELwlJ8AENk3Qn7OikK4nFYAu3Ote2+JYNVvkpAEQm3/TLNEJFD/xZJjzyxg3KBWOzw==
  
  resolve@^1.11.1:
    version "1.14.0"
    resolved "https://registry.yarnpkg.com/resolve/-/resolve-1.14.0.tgz#6d14c6f9db9f8002071332b600039abf82053f64"
    integrity sha512-uviWSi5N67j3t3UKFxej1loCH0VZn5XuqdNxoLShPcYPw6cUZn74K1VRj+9myynRX03bxIBEkwlkob/ujLsJVw==
    dependencies:
      path-parse "^1.0.6"
  
  rollup@^1.12.0:
    version "1.27.13"
    resolved "https://registry.yarnpkg.com/rollup/-/rollup-1.27.13.tgz#d6d3500512daacbf8de54d2800de62d893085b90"
    integrity sha512-hDi7M07MpmNSDE8YVwGVFA8L7n8jTLJ4lG65nMAijAyqBe//rtu4JdxjUBE7JqXfdpqxqDTbCDys9WcqdpsQvw==
    dependencies:
      "@types/estree" "*"
      "@types/node" "*"
      acorn "^7.1.0"
